This is pdfTeX, Version 3.14159265-2.6-1.40.19 (TeX Live 2018) (preloaded format=pdflatex 2018.4.16)  28 APR 2019 01:57
entering extended mode
 restricted \write18 enabled.
 %&-line parsing enabled.
**thesis.tex
(./thesis.tex
LaTeX2e <2018-04-01> patch level 2
Babel <3.18> and hyphenation patterns for 84 language(s) loaded.
(./reedthesis.cls
Document Class: reedthesis 2004/01/27 The Reed College Thesis Class
(/usr/local/texlive/2018/texmf-dist/tex/latex/base/book.cls
Document Class: book 2014/09/29 v1.4h Standard LaTeX document class
(/usr/local/texlive/2018/texmf-dist/tex/latex/base/bk12.clo
File: bk12.clo 2014/09/29 v1.4h Standard LaTeX file (size option)
)
\c@part=\count80
\c@chapter=\count81
\c@section=\count82
\c@subsection=\count83
\c@subsubsection=\count84
\c@paragraph=\count85
\c@subparagraph=\count86
\c@figure=\count87
\c@table=\count88
\abovecaptionskip=\skip41
\belowcaptionskip=\skip42
\bibindent=\dimen102
) (/usr/local/texlive/2018/texmf-dist/tex/latex/fancyhdr/fancyhdr.sty
Package: fancyhdr 2017/06/30 v3.9a Extensive control of page headers and footer
s
\f@nch@headwidth=\skip43
\f@nch@O@elh=\skip44
\f@nch@O@erh=\skip45
\f@nch@O@olh=\skip46
\f@nch@O@orh=\skip47
\f@nch@O@elf=\skip48
\f@nch@O@erf=\skip49
\f@nch@O@olf=\skip50
\f@nch@O@orf=\skip51
) (/usr/local/texlive/2018/texmf-dist/tex/latex/fancyvrb/fancyvrb.sty
Package: fancyvrb 2008/02/07

Style option: `fancyvrb' v2.7a, with DG/SPQR fixes, and firstline=lastline fix 
<2008/02/07> (tvz) (/usr/local/texlive/2018/texmf-dist/tex/latex/graphics/keyva
l.sty
Package: keyval 2014/10/28 v1.15 key=value parser (DPC)
\KV@toks@=\toks14
)
\FV@CodeLineNo=\count89
\FV@InFile=\read1
\FV@TabBox=\box26
\c@FancyVerbLine=\count90
\FV@StepNumber=\count91
\FV@OutFile=\write3
) (/usr/local/texlive/2018/texmf-dist/tex/generic/ifxetex/ifxetex.sty
Package: ifxetex 2010/09/12 v0.6 Provides ifxetex conditional
) (/usr/local/texlive/2018/texmf-dist/tex/generic/oberdiek/ifluatex.sty
Package: ifluatex 2016/05/16 v1.4 Provides the ifluatex switch (HO)
Package ifluatex Info: LuaTeX not detected.
) (/usr/local/texlive/2018/texmf-dist/tex/latex/base/fixltx2e.sty
Package: fixltx2e 2016/12/29 v2.1a fixes to LaTeX (obsolete)
Applying: [2015/01/01] Old fixltx2e package on input line 46.

Package fixltx2e Warning: fixltx2e is not required with releases after 2015
(fixltx2e)                All fixes are now in the LaTeX kernel.
(fixltx2e)                See the latexrelease package for details.

Already applied: [0000/00/00] Old fixltx2e package on input line 53.
) (/usr/local/texlive/2018/texmf-dist/tex/latex/base/fontenc.sty
Package: fontenc 2017/04/05 v2.0i Standard LaTeX package
(/usr/local/texlive/2018/texmf-dist/tex/latex/base/t1enc.def
File: t1enc.def 2017/04/05 v2.0i Standard LaTeX file
LaTeX Font Info:    Redeclaring font encoding T1 on input line 48.
)) (/usr/local/texlive/2018/texmf-dist/tex/latex/base/inputenc.sty
Package: inputenc 2018/04/06 v1.3b Input encoding file
\inpenc@prehook=\toks15
\inpenc@posthook=\toks16
) (/usr/local/texlive/2018/texmf-dist/tex/latex/upquote/upquote.sty
Package: upquote 2012/04/19 v1.3 upright-quote and grave-accent glyphs in verba
tim
(/usr/local/texlive/2018/texmf-dist/tex/latex/base/textcomp.sty
Package: textcomp 2017/04/05 v2.0i Standard LaTeX package
Package textcomp Info: Sub-encoding information:
(textcomp)               5 = only ISO-Adobe without \textcurrency
(textcomp)               4 = 5 + \texteuro
(textcomp)               3 = 4 + \textohm
(textcomp)               2 = 3 + \textestimated + \textcurrency
(textcomp)               1 = TS1 - \textcircled - \t
(textcomp)               0 = TS1 (full)
(textcomp)             Font families with sub-encoding setting implement
(textcomp)             only a restricted character set as indicated.
(textcomp)             Family '?' is the default used for unknown fonts.
(textcomp)             See the documentation for details.
Package textcomp Info: Setting ? sub-encoding to TS1/1 on input line 79.
(/usr/local/texlive/2018/texmf-dist/tex/latex/base/ts1enc.def
File: ts1enc.def 2001/06/05 v3.0e (jk/car/fm) Standard LaTeX file
Now handling font encoding TS1 ...
... processing UTF-8 mapping file for font encoding TS1
(/usr/local/texlive/2018/texmf-dist/tex/latex/base/ts1enc.dfu
File: ts1enc.dfu 2018/04/05 v1.2c UTF-8 support for inputenc
   defining Unicode char U+00A2 (decimal 162)
   defining Unicode char U+00A3 (decimal 163)
   defining Unicode char U+00A4 (decimal 164)
   defining Unicode char U+00A5 (decimal 165)
   defining Unicode char U+00A6 (decimal 166)
   defining Unicode char U+00A7 (decimal 167)
   defining Unicode char U+00A8 (decimal 168)
   defining Unicode char U+00A9 (decimal 169)
   defining Unicode char U+00AA (decimal 170)
   defining Unicode char U+00AC (decimal 172)
   defining Unicode char U+00AE (decimal 174)
   defining Unicode char U+00AF (decimal 175)
   defining Unicode char U+00B0 (decimal 176)
   defining Unicode char U+00B1 (decimal 177)
   defining Unicode char U+00B2 (decimal 178)
   defining Unicode char U+00B3 (decimal 179)
   defining Unicode char U+00B4 (decimal 180)
   defining Unicode char U+00B5 (decimal 181)
   defining Unicode char U+00B6 (decimal 182)
   defining Unicode char U+00B7 (decimal 183)
   defining Unicode char U+00B9 (decimal 185)
   defining Unicode char U+00BA (decimal 186)
   defining Unicode char U+00BC (decimal 188)
   defining Unicode char U+00BD (decimal 189)
   defining Unicode char U+00BE (decimal 190)
   defining Unicode char U+00D7 (decimal 215)
   defining Unicode char U+00F7 (decimal 247)
   defining Unicode char U+0192 (decimal 402)
   defining Unicode char U+02C7 (decimal 711)
   defining Unicode char U+02D8 (decimal 728)
   defining Unicode char U+02DD (decimal 733)
   defining Unicode char U+0E3F (decimal 3647)
   defining Unicode char U+2016 (decimal 8214)
   defining Unicode char U+2020 (decimal 8224)
   defining Unicode char U+2021 (decimal 8225)
   defining Unicode char U+2022 (decimal 8226)
   defining Unicode char U+2030 (decimal 8240)
   defining Unicode char U+2031 (decimal 8241)
   defining Unicode char U+203B (decimal 8251)
   defining Unicode char U+203D (decimal 8253)
   defining Unicode char U+2044 (decimal 8260)
   defining Unicode char U+204E (decimal 8270)
   defining Unicode char U+2052 (decimal 8274)
   defining Unicode char U+20A1 (decimal 8353)
   defining Unicode char U+20A4 (decimal 8356)
   defining Unicode char U+20A6 (decimal 8358)
   defining Unicode char U+20A9 (decimal 8361)
   defining Unicode char U+20AB (decimal 8363)
   defining Unicode char U+20AC (decimal 8364)
   defining Unicode char U+20B1 (decimal 8369)
   defining Unicode char U+2103 (decimal 8451)
   defining Unicode char U+2116 (decimal 8470)
   defining Unicode char U+2117 (decimal 8471)
   defining Unicode char U+211E (decimal 8478)
   defining Unicode char U+2120 (decimal 8480)
   defining Unicode char U+2122 (decimal 8482)
   defining Unicode char U+2126 (decimal 8486)
   defining Unicode char U+2127 (decimal 8487)
   defining Unicode char U+212E (decimal 8494)
   defining Unicode char U+2190 (decimal 8592)
   defining Unicode char U+2191 (decimal 8593)
   defining Unicode char U+2192 (decimal 8594)
   defining Unicode char U+2193 (decimal 8595)
   defining Unicode char U+2329 (decimal 9001)
   defining Unicode char U+232A (decimal 9002)
   defining Unicode char U+2422 (decimal 9250)
   defining Unicode char U+25E6 (decimal 9702)
   defining Unicode char U+25EF (decimal 9711)
   defining Unicode char U+266A (decimal 9834)
   defining Unicode char U+FEFF (decimal 65279)
))
LaTeX Info: Redefining \oldstylenums on input line 334.
Package textcomp Info: Setting cmr sub-encoding to TS1/0 on input line 349.
Package textcomp Info: Setting cmss sub-encoding to TS1/0 on input line 350.
Package textcomp Info: Setting cmtt sub-encoding to TS1/0 on input line 351.
Package textcomp Info: Setting cmvtt sub-encoding to TS1/0 on input line 352.
Package textcomp Info: Setting cmbr sub-encoding to TS1/0 on input line 353.
Package textcomp Info: Setting cmtl sub-encoding to TS1/0 on input line 354.
Package textcomp Info: Setting ccr sub-encoding to TS1/0 on input line 355.
Package textcomp Info: Setting ptm sub-encoding to TS1/4 on input line 356.
Package textcomp Info: Setting pcr sub-encoding to TS1/4 on input line 357.
Package textcomp Info: Setting phv sub-encoding to TS1/4 on input line 358.
Package textcomp Info: Setting ppl sub-encoding to TS1/3 on input line 359.
Package textcomp Info: Setting pag sub-encoding to TS1/4 on input line 360.
Package textcomp Info: Setting pbk sub-encoding to TS1/4 on input line 361.
Package textcomp Info: Setting pnc sub-encoding to TS1/4 on input line 362.
Package textcomp Info: Setting pzc sub-encoding to TS1/4 on input line 363.
Package textcomp Info: Setting bch sub-encoding to TS1/4 on input line 364.
Package textcomp Info: Setting put sub-encoding to TS1/5 on input line 365.
Package textcomp Info: Setting uag sub-encoding to TS1/5 on input line 366.
Package textcomp Info: Setting ugq sub-encoding to TS1/5 on input line 367.
Package textcomp Info: Setting ul8 sub-encoding to TS1/4 on input line 368.
Package textcomp Info: Setting ul9 sub-encoding to TS1/4 on input line 369.
Package textcomp Info: Setting augie sub-encoding to TS1/5 on input line 370.
Package textcomp Info: Setting dayrom sub-encoding to TS1/3 on input line 371.
Package textcomp Info: Setting dayroms sub-encoding to TS1/3 on input line 372.

Package textcomp Info: Setting pxr sub-encoding to TS1/0 on input line 373.
Package textcomp Info: Setting pxss sub-encoding to TS1/0 on input line 374.
Package textcomp Info: Setting pxtt sub-encoding to TS1/0 on input line 375.
Package textcomp Info: Setting txr sub-encoding to TS1/0 on input line 376.
Package textcomp Info: Setting txss sub-encoding to TS1/0 on input line 377.
Package textcomp Info: Setting txtt sub-encoding to TS1/0 on input line 378.
Package textcomp Info: Setting lmr sub-encoding to TS1/0 on input line 379.
Package textcomp Info: Setting lmdh sub-encoding to TS1/0 on input line 380.
Package textcomp Info: Setting lmss sub-encoding to TS1/0 on input line 381.
Package textcomp Info: Setting lmssq sub-encoding to TS1/0 on input line 382.
Package textcomp Info: Setting lmvtt sub-encoding to TS1/0 on input line 383.
Package textcomp Info: Setting lmtt sub-encoding to TS1/0 on input line 384.
Package textcomp Info: Setting qhv sub-encoding to TS1/0 on input line 385.
Package textcomp Info: Setting qag sub-encoding to TS1/0 on input line 386.
Package textcomp Info: Setting qbk sub-encoding to TS1/0 on input line 387.
Package textcomp Info: Setting qcr sub-encoding to TS1/0 on input line 388.
Package textcomp Info: Setting qcs sub-encoding to TS1/0 on input line 389.
Package textcomp Info: Setting qpl sub-encoding to TS1/0 on input line 390.
Package textcomp Info: Setting qtm sub-encoding to TS1/0 on input line 391.
Package textcomp Info: Setting qzc sub-encoding to TS1/0 on input line 392.
Package textcomp Info: Setting qhvc sub-encoding to TS1/0 on input line 393.
Package textcomp Info: Setting futs sub-encoding to TS1/4 on input line 394.
Package textcomp Info: Setting futx sub-encoding to TS1/4 on input line 395.
Package textcomp Info: Setting futj sub-encoding to TS1/4 on input line 396.
Package textcomp Info: Setting hlh sub-encoding to TS1/3 on input line 397.
Package textcomp Info: Setting hls sub-encoding to TS1/3 on input line 398.
Package textcomp Info: Setting hlst sub-encoding to TS1/3 on input line 399.
Package textcomp Info: Setting hlct sub-encoding to TS1/5 on input line 400.
Package textcomp Info: Setting hlx sub-encoding to TS1/5 on input line 401.
Package textcomp Info: Setting hlce sub-encoding to TS1/5 on input line 402.
Package textcomp Info: Setting hlcn sub-encoding to TS1/5 on input line 403.
Package textcomp Info: Setting hlcw sub-encoding to TS1/5 on input line 404.
Package textcomp Info: Setting hlcf sub-encoding to TS1/5 on input line 405.
Package textcomp Info: Setting pplx sub-encoding to TS1/3 on input line 406.
Package textcomp Info: Setting pplj sub-encoding to TS1/3 on input line 407.
Package textcomp Info: Setting ptmx sub-encoding to TS1/4 on input line 408.
Package textcomp Info: Setting ptmj sub-encoding to TS1/4 on input line 409.
)) (/usr/local/texlive/2018/texmf-dist/tex/latex/microtype/microtype.sty
Package: microtype 2018/01/14 v2.7a Micro-typographical refinements (RS)
\MT@toks=\toks17
\MT@count=\count92
LaTeX Info: Redefining \textls on input line 793.
\MT@outer@kern=\dimen103
LaTeX Info: Redefining \textmicrotypecontext on input line 1339.
\MT@listname@count=\count93
(/usr/local/texlive/2018/texmf-dist/tex/latex/microtype/microtype-pdftex.def
File: microtype-pdftex.def 2018/01/14 v2.7a Definitions specific to pdftex (RS)

LaTeX Info: Redefining \lsstyle on input line 913.
LaTeX Info: Redefining \lslig on input line 913.
\MT@outer@space=\skip52
)
Package microtype Info: Loading configuration file microtype.cfg.
(/usr/local/texlive/2018/texmf-dist/tex/latex/microtype/microtype.cfg
File: microtype.cfg 2018/01/14 v2.7a microtype main configuration file (RS)
)) (/usr/local/texlive/2018/texmf-dist/tex/latex/graphics/color.sty
Package: color 2016/07/10 v1.1e Standard LaTeX Color (DPC)
(/usr/local/texlive/2018/texmf-dist/tex/latex/graphics-cfg/color.cfg
File: color.cfg 2016/01/02 v1.6 sample color configuration
)
Package color Info: Driver file: pdftex.def on input line 147.
(/usr/local/texlive/2018/texmf-dist/tex/latex/graphics-def/pdftex.def
File: pdftex.def 2018/01/08 v1.0l Graphics/color driver for pdftex
)) (/usr/local/texlive/2018/texmf-dist/tex/latex/framed/framed.sty
Package: framed 2011/10/22 v 0.96: framed or shaded text with page breaks
\OuterFrameSep=\skip53
\fb@frw=\dimen104
\fb@frh=\dimen105
\FrameRule=\dimen106
\FrameSep=\dimen107
)) (/usr/local/texlive/2018/texmf-dist/tex/latex/graphics/graphicx.sty
Package: graphicx 2017/06/01 v1.1a Enhanced LaTeX Graphics (DPC,SPQR)
(/usr/local/texlive/2018/texmf-dist/tex/latex/graphics/graphics.sty
Package: graphics 2017/06/25 v1.2c Standard LaTeX Graphics (DPC,SPQR)
(/usr/local/texlive/2018/texmf-dist/tex/latex/graphics/trig.sty
Package: trig 2016/01/03 v1.10 sin cos tan (DPC)
) (/usr/local/texlive/2018/texmf-dist/tex/latex/graphics-cfg/graphics.cfg
File: graphics.cfg 2016/06/04 v1.11 sample graphics configuration
)
Package graphics Info: Driver file: pdftex.def on input line 99.
)
\Gin@req@height=\dimen108
\Gin@req@width=\dimen109
) (/usr/local/texlive/2018/texmf-dist/tex/latex/base/latexsym.sty
Package: latexsym 1998/08/17 v2.2e Standard LaTeX package (lasy symbols)
\symlasy=\mathgroup4
LaTeX Font Info:    Overwriting symbol font `lasy' in version `bold'
(Font)                  U/lasy/m/n --> U/lasy/b/n on input line 52.
) (/usr/local/texlive/2018/texmf-dist/tex/latex/amsmath/amsmath.sty
Package: amsmath 2017/09/02 v2.17a AMS math features
\@mathmargin=\skip54
For additional information on amsmath, use the `?' option.
(/usr/local/texlive/2018/texmf-dist/tex/latex/amsmath/amstext.sty
Package: amstext 2000/06/29 v2.01 AMS text
(/usr/local/texlive/2018/texmf-dist/tex/latex/amsmath/amsgen.sty
File: amsgen.sty 1999/11/30 v2.0 generic functions
\@emptytoks=\toks18
\ex@=\dimen110
)) (/usr/local/texlive/2018/texmf-dist/tex/latex/amsmath/amsbsy.sty
Package: amsbsy 1999/11/29 v1.2d Bold Symbols
\pmbraise@=\dimen111
) (/usr/local/texlive/2018/texmf-dist/tex/latex/amsmath/amsopn.sty
Package: amsopn 2016/03/08 v2.02 operator names
)
\inf@bad=\count94
LaTeX Info: Redefining \frac on input line 213.
\uproot@=\count95
\leftroot@=\count96
LaTeX Info: Redefining \overline on input line 375.
\classnum@=\count97
\DOTSCASE@=\count98
LaTeX Info: Redefining \ldots on input line 472.
LaTeX Info: Redefining \dots on input line 475.
LaTeX Info: Redefining \cdots on input line 596.
\Mathstrutbox@=\box27
\strutbox@=\box28
\big@size=\dimen112
LaTeX Font Info:    Redeclaring font encoding OML on input line 712.
LaTeX Font Info:    Redeclaring font encoding OMS on input line 713.
\macc@depth=\count99
\c@MaxMatrixCols=\count100
\dotsspace@=\muskip10
\c@parentequation=\count101
\dspbrk@lvl=\count102
\tag@help=\toks19
\row@=\count103
\column@=\count104
\maxfields@=\count105
\andhelp@=\toks20
\eqnshift@=\dimen113
\alignsep@=\dimen114
\tagshift@=\dimen115
\tagwidth@=\dimen116
\totwidth@=\dimen117
\lineht@=\dimen118
\@envbody=\toks21
\multlinegap=\skip55
\multlinetaggap=\skip56
\mathdisplay@stack=\toks22
LaTeX Info: Redefining \[ on input line 2817.
LaTeX Info: Redefining \] on input line 2818.
) (/usr/local/texlive/2018/texmf-dist/tex/latex/amsfonts/amssymb.sty
Package: amssymb 2013/01/14 v3.01 AMS font symbols
(/usr/local/texlive/2018/texmf-dist/tex/latex/amsfonts/amsfonts.sty
Package: amsfonts 2013/01/14 v3.01 Basic AMSFonts support
\symAMSa=\mathgroup5
\symAMSb=\mathgroup6
LaTeX Font Info:    Overwriting math alphabet `\mathfrak' in version `bold'
(Font)                  U/euf/m/n --> U/euf/b/n on input line 106.
)) (/usr/local/texlive/2018/texmf-dist/tex/latex/amscls/amsthm.sty
Package: amsthm 2017/10/31 v2.20.4
\thm@style=\toks23
\thm@bodyfont=\toks24
\thm@headfont=\toks25
\thm@notefont=\toks26
\thm@headpunct=\toks27
\thm@preskip=\skip57
\thm@postskip=\skip58
\thm@headsep=\skip59
\dth@everypar=\toks28
) (/usr/local/texlive/2018/texmf-dist/tex/latex/tools/longtable.sty
Package: longtable 2014/10/28 v4.11 Multi-page Table package (DPC)
\LTleft=\skip60
\LTright=\skip61
\LTpre=\skip62
\LTpost=\skip63
\LTchunksize=\count106
\LTcapwidth=\dimen119
\LT@head=\box29
\LT@firsthead=\box30
\LT@foot=\box31
\LT@lastfoot=\box32
\LT@cols=\count107
\LT@rows=\count108
\c@LT@tables=\count109
\c@LT@chunks=\count110
\LT@p@ftn=\toks29
) (/usr/local/texlive/2018/texmf-dist/tex/latex/booktabs/booktabs.sty
Package: booktabs 2016/04/27 v1.618033 publication quality tables
\heavyrulewidth=\dimen120
\lightrulewidth=\dimen121
\cmidrulewidth=\dimen122
\belowrulesep=\dimen123
\belowbottomsep=\dimen124
\aboverulesep=\dimen125
\abovetopsep=\dimen126
\cmidrulesep=\dimen127
\cmidrulekern=\dimen128
\defaultaddspace=\dimen129
\@cmidla=\count111
\@cmidlb=\count112
\@aboverulesep=\dimen130
\@belowrulesep=\dimen131
\@thisruleclass=\count113
\@lastruleclass=\count114
\@thisrulewidth=\dimen132
) (/usr/local/texlive/2018/texmf-dist/tex/latex/setspace/setspace.sty
Package: setspace 2011/12/19 v6.7a set line spacing
) (./chemarr.sty
Package: chemarr 2001/06/22 v1.1 Chemical reaction arrows (HO)
) (/usr/local/texlive/2018/texmf-dist/tex/latex/url/url.sty
\Urlmuskip=\muskip11
Package: url 2013/09/16  ver 3.4  Verb mode for urls, etc.
) (/usr/local/texlive/2018/texmf-dist/tex/latex/hyperref/hyperref.sty
Package: hyperref 2018/02/06 v6.86b Hypertext links for LaTeX
(/usr/local/texlive/2018/texmf-dist/tex/generic/oberdiek/hobsub-hyperref.sty
Package: hobsub-hyperref 2016/05/16 v1.14 Bundle oberdiek, subset hyperref (HO)

(/usr/local/texlive/2018/texmf-dist/tex/generic/oberdiek/hobsub-generic.sty
Package: hobsub-generic 2016/05/16 v1.14 Bundle oberdiek, subset generic (HO)
Package: hobsub 2016/05/16 v1.14 Construct package bundles (HO)
Package: infwarerr 2016/05/16 v1.4 Providing info/warning/error messages (HO)
Package: ltxcmds 2016/05/16 v1.23 LaTeX kernel commands for general use (HO)
Package hobsub Info: Skipping package `ifluatex' (already loaded).
Package: ifvtex 2016/05/16 v1.6 Detect VTeX and its facilities (HO)
Package ifvtex Info: VTeX not detected.
Package: intcalc 2016/05/16 v1.2 Expandable calculations with integers (HO)
Package: ifpdf 2017/03/15 v3.2 Provides the ifpdf switch
Package: etexcmds 2016/05/16 v1.6 Avoid name clashes with e-TeX commands (HO)
Package etexcmds Info: Could not find \expanded.
(etexcmds)             That can mean that you are not using pdfTeX 1.50 or
(etexcmds)             that some package has redefined \expanded.
(etexcmds)             In the latter case, load this package earlier.
Package: kvsetkeys 2016/05/16 v1.17 Key value parser (HO)
Package: kvdefinekeys 2016/05/16 v1.4 Define keys (HO)
Package: pdftexcmds 2018/01/30 v0.27 Utility functions of pdfTeX for LuaTeX (HO
)
Package pdftexcmds Info: LuaTeX not detected.
Package pdftexcmds Info: \pdf@primitive is available.
Package pdftexcmds Info: \pdf@ifprimitive is available.
Package pdftexcmds Info: \pdfdraftmode found.
Package: pdfescape 2016/05/16 v1.14 Implements pdfTeX's escape features (HO)
Package: bigintcalc 2016/05/16 v1.4 Expandable calculations on big integers (HO
)
Package: bitset 2016/05/16 v1.2 Handle bit-vector datatype (HO)
Package: uniquecounter 2016/05/16 v1.3 Provide unlimited unique counter (HO)
)
Package hobsub Info: Skipping package `hobsub' (already loaded).
Package: letltxmacro 2016/05/16 v1.5 Let assignment for LaTeX macros (HO)
Package: hopatch 2016/05/16 v1.3 Wrapper for package hooks (HO)
Package: xcolor-patch 2016/05/16 xcolor patch
Package: atveryend 2016/05/16 v1.9 Hooks at the very end of document (HO)
Package atveryend Info: \enddocument detected (standard20110627).
Package: atbegshi 2016/06/09 v1.18 At begin shipout hook (HO)
Package: refcount 2016/05/16 v3.5 Data extraction from label references (HO)
Package: hycolor 2016/05/16 v1.8 Color options for hyperref/bookmark (HO)
) (/usr/local/texlive/2018/texmf-dist/tex/latex/oberdiek/auxhook.sty
Package: auxhook 2016/05/16 v1.4 Hooks for auxiliary files (HO)
) (/usr/local/texlive/2018/texmf-dist/tex/latex/oberdiek/kvoptions.sty
Package: kvoptions 2016/05/16 v3.12 Key value format for package options (HO)
)
\@linkdim=\dimen133
\Hy@linkcounter=\count115
\Hy@pagecounter=\count116
(/usr/local/texlive/2018/texmf-dist/tex/latex/hyperref/pd1enc.def
File: pd1enc.def 2018/02/06 v6.86b Hyperref: PDFDocEncoding definition (HO)
Now handling font encoding PD1 ...
... no UTF-8 mapping file for font encoding PD1
)
\Hy@SavedSpaceFactor=\count117
(/usr/local/texlive/2018/texmf-dist/tex/latex/latexconfig/hyperref.cfg
File: hyperref.cfg 2002/06/06 v1.2 hyperref configuration of TeXLive
)
Package hyperref Info: Hyper figures OFF on input line 4509.
Package hyperref Info: Link nesting OFF on input line 4514.
Package hyperref Info: Hyper index ON on input line 4517.
Package hyperref Info: Plain pages OFF on input line 4524.
Package hyperref Info: Backreferencing OFF on input line 4529.
Package hyperref Info: Implicit mode ON; LaTeX internals redefined.
Package hyperref Info: Bookmarks ON on input line 4762.
\c@Hy@tempcnt=\count118
LaTeX Info: Redefining \url on input line 5115.
\XeTeXLinkMargin=\dimen134
\Fld@menulength=\count119
\Field@Width=\dimen135
\Fld@charsize=\dimen136
Package hyperref Info: Hyper figures OFF on input line 6369.
Package hyperref Info: Link nesting OFF on input line 6374.
Package hyperref Info: Hyper index ON on input line 6377.
Package hyperref Info: backreferencing OFF on input line 6384.
Package hyperref Info: Link coloring OFF on input line 6389.
Package hyperref Info: Link coloring with OCG OFF on input line 6394.
Package hyperref Info: PDF/A mode OFF on input line 6399.
LaTeX Info: Redefining \ref on input line 6439.
LaTeX Info: Redefining \pageref on input line 6443.
\Hy@abspage=\count120
\c@Item=\count121
\c@Hfootnote=\count122
)
Package hyperref Info: Driver (autodetected): hpdftex.
(/usr/local/texlive/2018/texmf-dist/tex/latex/hyperref/hpdftex.def
File: hpdftex.def 2018/02/06 v6.86b Hyperref driver for pdfTeX
\Fld@listcount=\count123
\c@bookmark@seq@number=\count124
(/usr/local/texlive/2018/texmf-dist/tex/latex/oberdiek/rerunfilecheck.sty
Package: rerunfilecheck 2016/05/16 v1.8 Rerun checks for auxiliary files (HO)
Package uniquecounter Info: New unique counter `rerunfilecheck' on input line 2
82.
)
\Hy@SectionHShift=\skip64
) (/usr/local/texlive/2018/texmf-dist/tex/latex/lm/lmodern.sty
Package: lmodern 2009/10/30 v1.6 Latin Modern Fonts
LaTeX Font Info:    Overwriting symbol font `operators' in version `normal'
(Font)                  OT1/cmr/m/n --> OT1/lmr/m/n on input line 22.
LaTeX Font Info:    Overwriting symbol font `letters' in version `normal'
(Font)                  OML/cmm/m/it --> OML/lmm/m/it on input line 23.
LaTeX Font Info:    Overwriting symbol font `symbols' in version `normal'
(Font)                  OMS/cmsy/m/n --> OMS/lmsy/m/n on input line 24.
LaTeX Font Info:    Overwriting symbol font `largesymbols' in version `normal'
(Font)                  OMX/cmex/m/n --> OMX/lmex/m/n on input line 25.
LaTeX Font Info:    Overwriting symbol font `operators' in version `bold'
(Font)                  OT1/cmr/bx/n --> OT1/lmr/bx/n on input line 26.
LaTeX Font Info:    Overwriting symbol font `letters' in version `bold'
(Font)                  OML/cmm/b/it --> OML/lmm/b/it on input line 27.
LaTeX Font Info:    Overwriting symbol font `symbols' in version `bold'
(Font)                  OMS/cmsy/b/n --> OMS/lmsy/b/n on input line 28.
LaTeX Font Info:    Overwriting symbol font `largesymbols' in version `bold'
(Font)                  OMX/cmex/m/n --> OMX/lmex/m/n on input line 29.
LaTeX Font Info:    Overwriting math alphabet `\mathbf' in version `normal'
(Font)                  OT1/cmr/bx/n --> OT1/lmr/bx/n on input line 31.
LaTeX Font Info:    Overwriting math alphabet `\mathsf' in version `normal'
(Font)                  OT1/cmss/m/n --> OT1/lmss/m/n on input line 32.
LaTeX Font Info:    Overwriting math alphabet `\mathit' in version `normal'
(Font)                  OT1/cmr/m/it --> OT1/lmr/m/it on input line 33.
LaTeX Font Info:    Overwriting math alphabet `\mathtt' in version `normal'
(Font)                  OT1/cmtt/m/n --> OT1/lmtt/m/n on input line 34.
LaTeX Font Info:    Overwriting math alphabet `\mathbf' in version `bold'
(Font)                  OT1/cmr/bx/n --> OT1/lmr/bx/n on input line 35.
LaTeX Font Info:    Overwriting math alphabet `\mathsf' in version `bold'
(Font)                  OT1/cmss/bx/n --> OT1/lmss/bx/n on input line 36.
LaTeX Font Info:    Overwriting math alphabet `\mathit' in version `bold'
(Font)                  OT1/cmr/bx/it --> OT1/lmr/bx/it on input line 37.
LaTeX Font Info:    Overwriting math alphabet `\mathtt' in version `bold'
(Font)                  OT1/cmtt/m/n --> OT1/lmtt/m/n on input line 38.
) (/usr/local/texlive/2018/texmf-dist/tex/latex/float/float.sty
Package: float 2001/11/08 v1.3d Float enhancements (AL)
\c@float@type=\count125
\float@exts=\toks30
\float@box=\box33
\@float@everytoks=\toks31
\@floatcapt=\box34
) (/usr/local/texlive/2018/texmf-dist/tex/latex/graphics/rotating.sty
Package: rotating 2016/08/11 v2.16d rotated objects in LaTeX
(/usr/local/texlive/2018/texmf-dist/tex/latex/base/ifthen.sty
Package: ifthen 2014/09/29 v1.1c Standard LaTeX ifthen package (DPC)
)
\c@r@tfl@t=\count126
\rotFPtop=\skip65
\rotFPbot=\skip66
\rot@float@box=\box35
\rot@mess@toks=\toks32
) (/usr/local/texlive/2018/texmf-dist/tex/latex/caption/caption.sty
Package: caption 2016/02/21 v3.3-144 Customizing captions (AR)
(/usr/local/texlive/2018/texmf-dist/tex/latex/caption/caption3.sty
Package: caption3 2016/05/22 v1.7-166 caption3 kernel (AR)
Package caption3 Info: TeX engine: e-TeX on input line 67.
\captionmargin=\dimen137
\captionmargin@=\dimen138
\captionwidth=\dimen139
\caption@tempdima=\dimen140
\caption@indent=\dimen141
\caption@parindent=\dimen142
\caption@hangindent=\dimen143
)
\c@ContinuedFloat=\count127
Package caption Info: float package is loaded.
Package caption Info: hyperref package is loaded.
Package caption Info: longtable package is loaded.
(/usr/local/texlive/2018/texmf-dist/tex/latex/caption/ltcaption.sty
Package: ltcaption 2013/06/09 v1.4-94 longtable captions (AR)
)
Package caption Info: rotating package is loaded.
) (/usr/local/texlive/2018/texmf-dist/tex/latex/placeins/placeins.sty
Package: placeins 2005/04/18  v 2.2
) (./thesis.aux)
\openout1 = `thesis.aux'.

LaTeX Font Info:    Checking defaults for OML/cmm/m/it on input line 340.
LaTeX Font Info:    ... okay on input line 340.
LaTeX Font Info:    Checking defaults for T1/cmr/m/n on input line 340.
LaTeX Font Info:    ... okay on input line 340.
LaTeX Font Info:    Checking defaults for OT1/cmr/m/n on input line 340.
LaTeX Font Info:    ... okay on input line 340.
LaTeX Font Info:    Checking defaults for OMS/cmsy/m/n on input line 340.
LaTeX Font Info:    ... okay on input line 340.
LaTeX Font Info:    Checking defaults for OMX/cmex/m/n on input line 340.
LaTeX Font Info:    ... okay on input line 340.
LaTeX Font Info:    Checking defaults for U/cmr/m/n on input line 340.
LaTeX Font Info:    ... okay on input line 340.
LaTeX Font Info:    Checking defaults for TS1/cmr/m/n on input line 340.
LaTeX Font Info:    Try loading font information for TS1+cmr on input line 340.

(/usr/local/texlive/2018/texmf-dist/tex/latex/base/ts1cmr.fd
File: ts1cmr.fd 2014/09/29 v2.5h Standard LaTeX font definitions
)
LaTeX Font Info:    ... okay on input line 340.
LaTeX Font Info:    Checking defaults for PD1/pdf/m/n on input line 340.
LaTeX Font Info:    ... okay on input line 340.
LaTeX Font Info:    Try loading font information for T1+lmr on input line 340.
(/usr/local/texlive/2018/texmf-dist/tex/latex/lm/t1lmr.fd
File: t1lmr.fd 2009/10/30 v1.6 Font defs for Latin Modern
)
LaTeX Info: Redefining \microtypecontext on input line 340.
Package microtype Info: Generating PDF output.
Package microtype Info: Character protrusion enabled (level 2).
Package microtype Info: Using protrusion set `basicmath'.
Package microtype Info: Automatic font expansion enabled (level 2),
(microtype)             stretch: 20, shrink: 20, step: 1, non-selected.
Package microtype Info: Using default expansion set `basictext'.
Package microtype Info: No adjustment of tracking.
Package microtype Info: No adjustment of interword spacing.
Package microtype Info: No adjustment of character kerning.
(/usr/local/texlive/2018/texmf-dist/tex/latex/microtype/mt-cmr.cfg
File: mt-cmr.cfg 2013/05/19 v2.2 microtype config. file: Computer Modern Roman 
(RS)
) (/usr/local/texlive/2018/texmf-dist/tex/context/base/mkii/supp-pdf.mkii
[Loading MPS to PDF converter (version 2006.09.02).]
\scratchcounter=\count128
\scratchdimen=\dimen144
\scratchbox=\box36
\nofMPsegments=\count129
\nofMParguments=\count130
\everyMPshowfont=\toks33
\MPscratchCnt=\count131
\MPscratchDim=\dimen145
\MPnumerator=\count132
\makeMPintoPDFobject=\count133
\everyMPtoPDFconversion=\toks34
) (/usr/local/texlive/2018/texmf-dist/tex/latex/oberdiek/epstopdf-base.sty
Package: epstopdf-base 2016/05/15 v2.6 Base part for package epstopdf
(/usr/local/texlive/2018/texmf-dist/tex/latex/oberdiek/grfext.sty
Package: grfext 2016/05/16 v1.2 Manage graphics extensions (HO)
)
Package epstopdf-base Info: Redefining graphics rule for `.eps' on input line 4
38.
Package grfext Info: Graphics extension search list:
(grfext)             [.pdf,.png,.jpg,.mps,.jpeg,.jbig2,.jb2,.PDF,.PNG,.JPG,.JPE
G,.JBIG2,.JB2,.eps]
(grfext)             \AppendGraphicsExtensions on input line 456.
(/usr/local/texlive/2018/texmf-dist/tex/latex/latexconfig/epstopdf-sys.cfg
File: epstopdf-sys.cfg 2010/07/13 v1.3 Configuration of (r)epstopdf for TeX Liv
e
))
\AtBeginShipoutBox=\box37
Package hyperref Info: Link coloring OFF on input line 340.
(/usr/local/texlive/2018/texmf-dist/tex/latex/hyperref/nameref.sty
Package: nameref 2016/05/21 v2.44 Cross-referencing by name of section
(/usr/local/texlive/2018/texmf-dist/tex/generic/oberdiek/gettitlestring.sty
Package: gettitlestring 2016/05/16 v1.5 Cleanup title references (HO)
)
\c@section@level=\count134
)
LaTeX Info: Redefining \ref on input line 340.
LaTeX Info: Redefining \pageref on input line 340.
LaTeX Info: Redefining \nameref on input line 340.
(./thesis.out) (./thesis.out)
\@outlinefile=\write4
\openout4 = `thesis.out'.

Package caption Info: Begin \AtBeginDocument code.
Package caption Info: End \AtBeginDocument code.
LaTeX Font Info:    Try loading font information for OT1+lmr on input line 344.

(/usr/local/texlive/2018/texmf-dist/tex/latex/lm/ot1lmr.fd
File: ot1lmr.fd 2009/10/30 v1.6 Font defs for Latin Modern
)
LaTeX Font Info:    Try loading font information for OML+lmm on input line 344.

(/usr/local/texlive/2018/texmf-dist/tex/latex/lm/omllmm.fd
File: omllmm.fd 2009/10/30 v1.6 Font defs for Latin Modern
)
LaTeX Font Info:    Try loading font information for OMS+lmsy on input line 344
.
(/usr/local/texlive/2018/texmf-dist/tex/latex/lm/omslmsy.fd
File: omslmsy.fd 2009/10/30 v1.6 Font defs for Latin Modern
)
LaTeX Font Info:    Try loading font information for OMX+lmex on input line 344
.
(/usr/local/texlive/2018/texmf-dist/tex/latex/lm/omxlmex.fd
File: omxlmex.fd 2009/10/30 v1.6 Font defs for Latin Modern
)
LaTeX Font Info:    External font `lmex10' loaded for size
(Font)              <12> on input line 344.
LaTeX Font Info:    External font `lmex10' loaded for size
(Font)              <8> on input line 344.
LaTeX Font Info:    External font `lmex10' loaded for size
(Font)              <6> on input line 344.
LaTeX Font Info:    Try loading font information for U+lasy on input line 344.
(/usr/local/texlive/2018/texmf-dist/tex/latex/base/ulasy.fd
File: ulasy.fd 1998/08/17 v2.2e LaTeX symbol font definitions
)
LaTeX Font Info:    Try loading font information for U+msa on input line 344.
(/usr/local/texlive/2018/texmf-dist/tex/latex/amsfonts/umsa.fd
File: umsa.fd 2013/01/14 v3.01 AMS symbols A
) (/usr/local/texlive/2018/texmf-dist/tex/latex/microtype/mt-msa.cfg
File: mt-msa.cfg 2006/02/04 v1.1 microtype config. file: AMS symbols (a) (RS)
)
LaTeX Font Info:    Try loading font information for U+msb on input line 344.
(/usr/local/texlive/2018/texmf-dist/tex/latex/amsfonts/umsb.fd
File: umsb.fd 2013/01/14 v3.01 AMS symbols B
) (/usr/local/texlive/2018/texmf-dist/tex/latex/microtype/mt-msb.cfg
File: mt-msb.cfg 2005/06/01 v1.0 microtype config. file: AMS symbols (b) (RS)
) [1
Non-PDF special ignored!
<special> !% Reed College LaTeX Thesis Class 2001/12/04 SN
Non-PDF special ignored!
<special> rawpostscript % Reed College LaTeX Thesis Class 2001/12/04 SN


{/usr/local/texlive/2018/texmf-var/fonts/map/pdftex/updmap/pdftex.map}] [2

] [3] [4

] [1


] [2


] [3] [4


] (./thesis.toc [5])
\tf@toc=\write5
\openout5 = `thesis.toc'.

[6] (./thesis.lot)
\tf@lot=\write6
\openout6 = `thesis.lot'.

[7

] [8

] (./thesis.lof)
\tf@lof=\write7
\openout7 = `thesis.lof'.

[9] [10

] [11] [12


]
LaTeX Font Info:    External font `lmex10' loaded for size
(Font)              <10> on input line 470.
LaTeX Font Info:    External font `lmex10' loaded for size
(Font)              <7> on input line 470.
LaTeX Font Info:    External font `lmex10' loaded for size
(Font)              <5> on input line 470.
LaTeX Font Info:    Try loading font information for T1+lmtt on input line 472.

(/usr/local/texlive/2018/texmf-dist/tex/latex/lm/t1lmtt.fd
File: t1lmtt.fd 2009/10/30 v1.6 Font defs for Latin Modern
)pdfTeX warning (ext4): destination with the same identifier (name{page.1}) has
 been already used, duplicate ignored
<to be read again> 
                   \relax 
l.493 ...er{RCV Background}\label{demo-litreview}}
                                                   [1

]pdfTeX warning (ext4): destination with the same identifier (name{page.2}) has
 been already used, duplicate ignored
<to be read again> 
                   \relax 
l.493 ...er{RCV Background}\label{demo-litreview}}
                                                   [2

]
Chapter 1.
pdfTeX warning (ext4): destination with the same identifier (name{page.3}) has 
been already used, duplicate ignored
<to be read again> 
                   \relax 
l.517 ...Used Terms}\label{frequently-used-terms}}
                                                   [3]
LaTeX Font Info:    Try loading font information for TS1+lmr on input line 522.

(/usr/local/texlive/2018/texmf-dist/tex/latex/lm/ts1lmr.fd
File: ts1lmr.fd 2009/10/30 v1.6 Font defs for Latin Modern
)

Package Fancyhdr Warning: \headheight is too small (12.0pt): 
 Make it at least 14.49998pt.
 We now make it that large for the rest of the document.
 This may cause the page layout to be inconsistent, however.

pdfTeX warning (ext4): destination with the same identifier (name{page.4}) has 
been already used, duplicate ignored
<to be read again> 
                   \relax 
l.538 \begin{itemize}
                      [4] [5] [6] [7] [8]
</Users/jaylee/Desktop/thesis/img/sankey_official_sfmayor18.png, id=483, 790.95
5pt x 492.84125pt>
File: /Users/jaylee/Desktop/thesis/img/sankey_official_sfmayor18.png Graphic fi
le (type png)
<use /Users/jaylee/Desktop/thesis/img/sankey_official_sfmayor18.png>
Package pdftex.def Info: /Users/jaylee/Desktop/thesis/img/sankey_official_sfmay
or18.png  used on input line 619.
(pdftex.def)             Requested size: 433.62pt x 270.19118pt.

Underfull \vbox (badness 10000) has occurred while \output is active []

[9] [10 </Users/jaylee/Desktop/thesis/img/sankey_official_sfmayor18.png>] [11] 
[12] [13] [14] [15] [16

]
Chapter 2.
</Users/jaylee/Desktop/thesis/img/ballot_image.png, id=567, 377.2494pt x 342.07
8pt>
File: /Users/jaylee/Desktop/thesis/img/ballot_image.png Graphic file (type png)

<use /Users/jaylee/Desktop/thesis/img/ballot_image.png>
Package pdftex.def Info: /Users/jaylee/Desktop/thesis/img/ballot_image.png  use
d on input line 716.
(pdftex.def)             Requested size: 216.81pt x 196.59935pt.
[17]
</Users/jaylee/Desktop/thesis/img/cleaned_ballot.png, id=577, 646.0938pt x 339.
1872pt>
File: /Users/jaylee/Desktop/thesis/img/cleaned_ballot.png Graphic file (type pn
g)
<use /Users/jaylee/Desktop/thesis/img/cleaned_ballot.png>
Package pdftex.def Info: /Users/jaylee/Desktop/thesis/img/cleaned_ballot.png  u
sed on input line 724.
(pdftex.def)             Requested size: 433.62pt x 227.65276pt.
[18 </Users/jaylee/Desktop/thesis/img/ballot_image.png> </Users/jaylee/Desktop/
thesis/img/cleaned_ballot.png>]
<thesis_files/figure-latex/boundary-mismatch-1.pdf, id=588, 459.7175pt x 252.94
5pt>
File: thesis_files/figure-latex/boundary-mismatch-1.pdf Graphic file (type pdf)

<use thesis_files/figure-latex/boundary-mismatch-1.pdf>
Package pdftex.def Info: thesis_files/figure-latex/boundary-mismatch-1.pdf  use
d on input line 749.
(pdftex.def)             Requested size: 433.62pt x 238.59814pt.
[19] [20 <./thesis_files/figure-latex/boundary-mismatch-1.pdf>]
<thesis_files/figure-latex/toy-regions-1.pdf, id=618, 459.7175pt x 270.00874pt>

File: thesis_files/figure-latex/toy-regions-1.pdf Graphic file (type pdf)
<use thesis_files/figure-latex/toy-regions-1.pdf>
Package pdftex.def Info: thesis_files/figure-latex/toy-regions-1.pdf  used on i
nput line 775.
(pdftex.def)             Requested size: 433.62pt x 254.69403pt.

Underfull \vbox (badness 10000) has occurred while \output is active []

[21] [22 <./thesis_files/figure-latex/toy-regions-1.pdf>]
</Users/jaylee/Desktop/thesis/img/interpolation_check.png, id=647, 2107.875pt x
 2107.875pt>
File: /Users/jaylee/Desktop/thesis/img/interpolation_check.png Graphic file (ty
pe png)
<use /Users/jaylee/Desktop/thesis/img/interpolation_check.png>
Package pdftex.def Info: /Users/jaylee/Desktop/thesis/img/interpolation_check.p
ng  used on input line 805.
(pdftex.def)             Requested size: 433.62pt x 433.5967pt.
</Users/jaylee/Desktop/thesis/img/intensive_error.png, id=649, 1801.73125pt x 1
108.14pt>
File: /Users/jaylee/Desktop/thesis/img/intensive_error.png Graphic file (type p
ng)
<use /Users/jaylee/Desktop/thesis/img/intensive_error.png>
Package pdftex.def Info: /Users/jaylee/Desktop/thesis/img/intensive_error.png  
used on input line 812.
(pdftex.def)             Requested size: 433.62pt x 266.68611pt.
[23 </Users/jaylee/Desktop/thesis/img/interpolation_check.png>] [24 </Users/jay
lee/Desktop/thesis/img/intensive_error.png>]
</Users/jaylee/Desktop/thesis/img/boundary_intersection.png, id=663, 2107.875pt
 x 2107.875pt>
File: /Users/jaylee/Desktop/thesis/img/boundary_intersection.png Graphic file (
type png)
<use /Users/jaylee/Desktop/thesis/img/boundary_intersection.png>
Package pdftex.def Info: /Users/jaylee/Desktop/thesis/img/boundary_intersection
.png  used on input line 823.
(pdftex.def)             Requested size: 433.62pt x 433.5967pt.

Underfull \vbox (badness 10000) has occurred while \output is active []

[25]
</Users/jaylee/Desktop/thesis/img/clipped_internals.png, id=675, 2069.7325pt x 
1668.2325pt>
File: /Users/jaylee/Desktop/thesis/img/clipped_internals.png Graphic file (type
 png)
<use /Users/jaylee/Desktop/thesis/img/clipped_internals.png>
Package pdftex.def Info: /Users/jaylee/Desktop/thesis/img/clipped_internals.png
  used on input line 829.
(pdftex.def)             Requested size: 433.62pt x 349.49915pt.
[26 </Users/jaylee/Desktop/thesis/img/boundary_intersection.png>] [27 </Users/j
aylee/Desktop/thesis/img/clipped_internals.png>] [28] [29] [30]
Chapter 3.
<thesis_files/figure-latex/turnout-map-1.pdf, id=728, 464.73625pt x 316.18124pt
>
File: thesis_files/figure-latex/turnout-map-1.pdf Graphic file (type pdf)
<use thesis_files/figure-latex/turnout-map-1.pdf>
Package pdftex.def Info: thesis_files/figure-latex/turnout-map-1.pdf  used on i
nput line 928.
(pdftex.def)             Requested size: 433.62pt x 295.02007pt.

Underfull \vbox (badness 10000) has occurred while \output is active []

[31

]
<thesis_files/figure-latex/linear-turnout-model-1.pdf, id=741, 459.7175pt x 316
.18124pt>
File: thesis_files/figure-latex/linear-turnout-model-1.pdf Graphic file (type p
df)
<use thesis_files/figure-latex/linear-turnout-model-1.pdf>
Package pdftex.def Info: thesis_files/figure-latex/linear-turnout-model-1.pdf  
used on input line 953.
(pdftex.def)             Requested size: 433.62pt x 298.24768pt.

Underfull \vbox (badness 10000) has occurred while \output is active []

[32 <./thesis_files/figure-latex/turnout-map-1.pdf>]
<thesis_files/figure-latex/logit-turnout-model-1.pdf, id=763, 459.7175pt x 316.
18124pt>
File: thesis_files/figure-latex/logit-turnout-model-1.pdf Graphic file (type pd
f)
<use thesis_files/figure-latex/logit-turnout-model-1.pdf>
Package pdftex.def Info: thesis_files/figure-latex/logit-turnout-model-1.pdf  u
sed on input line 993.
(pdftex.def)             Requested size: 433.62pt x 298.24768pt.

Underfull \vbox (badness 6364) has occurred while \output is active []

[33 <./thesis_files/figure-latex/linear-turnout-model-1.pdf>]
Underfull \vbox (badness 10000) has occurred while \output is active []

[34]
<thesis_files/figure-latex/overvote-map-1.pdf, id=791, 459.7175pt x 316.18124pt
>
File: thesis_files/figure-latex/overvote-map-1.pdf Graphic file (type pdf)
<use thesis_files/figure-latex/overvote-map-1.pdf>
Package pdftex.def Info: thesis_files/figure-latex/overvote-map-1.pdf  used on 
input line 1002.
(pdftex.def)             Requested size: 433.62pt x 298.24768pt.
[35 <./thesis_files/figure-latex/logit-turnout-model-1.pdf>]
<thesis_files/figure-latex/linear-overvote-model-1.pdf, id=808, 459.7175pt x 31
6.18124pt>
File: thesis_files/figure-latex/linear-overvote-model-1.pdf Graphic file (type 
pdf)
<use thesis_files/figure-latex/linear-overvote-model-1.pdf>
Package pdftex.def Info: thesis_files/figure-latex/linear-overvote-model-1.pdf 
 used on input line 1022.
(pdftex.def)             Requested size: 433.62pt x 298.24768pt.

Underfull \vbox (badness 10000) has occurred while \output is active []

[36 <./thesis_files/figure-latex/overvote-map-1.pdf>]
<thesis_files/figure-latex/logit-overvote-model-1.pdf, id=826, 463.7325pt x 317
.185pt>
File: thesis_files/figure-latex/logit-overvote-model-1.pdf Graphic file (type p
df)
<use thesis_files/figure-latex/logit-overvote-model-1.pdf>
Package pdftex.def Info: thesis_files/figure-latex/logit-overvote-model-1.pdf  
used on input line 1044.
(pdftex.def)             Requested size: 433.62pt x 296.59549pt.

Underfull \vbox (badness 10000) has occurred while \output is active []

[37 <./thesis_files/figure-latex/linear-overvote-model-1.pdf>]
<thesis_files/figure-latex/undervote-map-1.pdf, id=842, 459.7175pt x 316.18124p
t>
File: thesis_files/figure-latex/undervote-map-1.pdf Graphic file (type pdf)
<use thesis_files/figure-latex/undervote-map-1.pdf>
Package pdftex.def Info: thesis_files/figure-latex/undervote-map-1.pdf  used on
 input line 1053.
(pdftex.def)             Requested size: 433.62pt x 298.24768pt.

Underfull \vbox (badness 10000) has occurred while \output is active []

[38 <./thesis_files/figure-latex/logit-overvote-model-1.pdf>]
<thesis_files/figure-latex/linear-undervote-model-1.pdf, id=856, 459.7175pt x 3
16.18124pt>
File: thesis_files/figure-latex/linear-undervote-model-1.pdf Graphic file (type
 pdf)
<use thesis_files/figure-latex/linear-undervote-model-1.pdf>
Package pdftex.def Info: thesis_files/figure-latex/linear-undervote-model-1.pdf
  used on input line 1081.
(pdftex.def)             Requested size: 433.62pt x 298.24768pt.

Underfull \vbox (badness 10000) has occurred while \output is active []

[39 <./thesis_files/figure-latex/undervote-map-1.pdf>]
<thesis_files/figure-latex/logit-undervote-model-1.pdf, id=874, 462.72874pt x 3
16.18124pt>
File: thesis_files/figure-latex/logit-undervote-model-1.pdf Graphic file (type 
pdf)
<use thesis_files/figure-latex/logit-undervote-model-1.pdf>
Package pdftex.def Info: thesis_files/figure-latex/logit-undervote-model-1.pdf 
 used on input line 1114.
(pdftex.def)             Requested size: 433.62pt x 296.29375pt.

Underfull \vbox (badness 10000) has occurred while \output is active []

[40 <./thesis_files/figure-latex/linear-undervote-model-1.pdf>]
Underfull \vbox (badness 10000) has occurred while \output is active []

[41] [42 <./thesis_files/figure-latex/logit-undervote-model-1.pdf>]
Chapter 4.
[43

] [44] [45] [46] [47]
Underfull \vbox (badness 2573) has occurred while \output is active []

[48] [49] [50

]
Chapter 5.
[51] [52] [53] [54] [55] [56

]
Chapter 6.
<thesis_files/figure-latex/unadj-breed-1.pdf, id=1032, 453.695pt x 316.18124pt>

File: thesis_files/figure-latex/unadj-breed-1.pdf Graphic file (type pdf)
<use thesis_files/figure-latex/unadj-breed-1.pdf>
Package pdftex.def Info: thesis_files/figure-latex/unadj-breed-1.pdf  used on i
nput line 1463.
(pdftex.def)             Requested size: 433.62pt x 302.19414pt.

Underfull \vbox (badness 10000) has occurred while \output is active []

[57]
Underfull \vbox (badness 10000) has occurred while \output is active []

[58]
<thesis_files/figure-latex/unnamed-chunk-7-1.pdf, id=1051, 459.7175pt x 313.17p
t>
File: thesis_files/figure-latex/unnamed-chunk-7-1.pdf Graphic file (type pdf)
<use thesis_files/figure-latex/unnamed-chunk-7-1.pdf>
Package pdftex.def Info: thesis_files/figure-latex/unnamed-chunk-7-1.pdf  used 
on input line 1469.
(pdftex.def)             Requested size: 433.62pt x 295.40723pt.

Underfull \vbox (badness 2735) has occurred while \output is active []

[59 <./thesis_files/figure-latex/unadj-breed-1.pdf>]
<thesis_files/figure-latex/adj-breed-plot-1.pdf, id=1070, 453.695pt x 316.18124
pt>
File: thesis_files/figure-latex/adj-breed-plot-1.pdf Graphic file (type pdf)
<use thesis_files/figure-latex/adj-breed-plot-1.pdf>
Package pdftex.def Info: thesis_files/figure-latex/adj-breed-plot-1.pdf  used o
n input line 1492.
(pdftex.def)             Requested size: 433.62pt x 302.19414pt.
[60 <./thesis_files/figure-latex/unnamed-chunk-7-1.pdf>] [61 <./thesis_files/fi
gure-latex/adj-breed-plot-1.pdf>]
<thesis_files/figure-latex/vote-combos-1.pdf, id=1100, 453.695pt x 318.18875pt>

File: thesis_files/figure-latex/vote-combos-1.pdf Graphic file (type pdf)
<use thesis_files/figure-latex/vote-combos-1.pdf>
Package pdftex.def Info: thesis_files/figure-latex/vote-combos-1.pdf  used on i
nput line 1524.
(pdftex.def)             Requested size: 433.62pt x 304.11284pt.
[62 <./thesis_files/figure-latex/vote-combos-1.pdf>]
<thesis_files/figure-latex/unadj-exhausted-1.pdf, id=1114, 453.695pt x 316.1812
4pt>
File: thesis_files/figure-latex/unadj-exhausted-1.pdf Graphic file (type pdf)
<use thesis_files/figure-latex/unadj-exhausted-1.pdf>
Package pdftex.def Info: thesis_files/figure-latex/unadj-exhausted-1.pdf  used 
on input line 1531.
(pdftex.def)             Requested size: 433.62pt x 302.19414pt.
<thesis_files/figure-latex/unnamed-chunk-8-1.pdf, id=1117, 459.7175pt x 313.17p
t>
File: thesis_files/figure-latex/unnamed-chunk-8-1.pdf Graphic file (type pdf)
<use thesis_files/figure-latex/unnamed-chunk-8-1.pdf>
Package pdftex.def Info: thesis_files/figure-latex/unnamed-chunk-8-1.pdf  used 
on input line 1537.
(pdftex.def)             Requested size: 433.62pt x 295.40723pt.
[63 <./thesis_files/figure-latex/unadj-exhausted-1.pdf>]
<thesis_files/figure-latex/adj-exhausted-plot-1.pdf, id=1135, 453.695pt x 316.1
8124pt>
File: thesis_files/figure-latex/adj-exhausted-plot-1.pdf Graphic file (type pdf
)
<use thesis_files/figure-latex/adj-exhausted-plot-1.pdf>
Package pdftex.def Info: thesis_files/figure-latex/adj-exhausted-plot-1.pdf  us
ed on input line 1560.
(pdftex.def)             Requested size: 433.62pt x 302.19414pt.
[64 <./thesis_files/figure-latex/unnamed-chunk-8-1.pdf>] [65 <./thesis_files/fi
gure-latex/adj-exhausted-plot-1.pdf>] [66

] [67] [68] [69] [70

]
Appendix A.
[71] [72] [73] [74

]
Overfull \hbox (47.74606pt too wide) in paragraph at lines 1718--1720
 [][]\T1/lmr/m/n/12 (-20) 2010 TIGER/Line Shape-files. (n.d.). \T1/lmr/m/it/12 
(-20) United States Cen-sus Bu-reau\T1/lmr/m/n/12 (-20) . https://www.census.go
v/cgi-
 []


Overfull \hbox (11.5269pt too wide) in paragraph at lines 1733--1735
 \T1/lmr/m/n/12 (-20) Both of Us. \T1/lmr/m/it/12 (-20) The At-lantic\T1/lmr/m/
n/12 (-20) . https://www.theatlantic.com/politics/archive/2018/05/san-
 []


Underfull \hbox (badness 2126) in paragraph at lines 1739--1741
 [][]\T1/lmr/m/n/12 (+20) Borda Count. (n.d.). \T1/lmr/m/it/12 (+20) Elec-toral
 Re-form So-ci-ety\T1/lmr/m/n/12 (+20) . https://www.electoral-
 []


Underfull \vbox (badness 10000) has occurred while \output is active []

[75

]
Overfull \hbox (89.56693pt too wide) in paragraph at lines 1760--1762
 [][]\T1/lmr/m/n/12 (-20) Cook, C. (2011, De-cem-ber). Ranked Choice Vot-ing. \
T1/lmr/m/it/12 (-20) SPUR\T1/lmr/m/n/12 (-20) . https://www.spur.org/publicatio
ns/urbanist-
 []


Underfull \vbox (badness 10000) has occurred while \output is active []

[76]
Underfull \hbox (badness 2600) in paragraph at lines 1817--1819
 [][]\T1/lmr/m/n/12 (+20) Kimball, J. (2010, May). Es-ti-mated cost of Ranked C
hoice Vot-ing in
 []


Underfull \hbox (badness 1466) in paragraph at lines 1817--1819
 \T1/lmr/m/n/12 (+20) Min-neapo-lis: $365,000. \T1/lmr/m/it/12 (+20) Min-nPost\
T1/lmr/m/n/12 (+20) . https://www.minnpost.com/political-
 []


Overfull \hbox (9.53891pt too wide) in paragraph at lines 1838--1840
 [][]\T1/lmr/m/n/12 (-20) Maps. (n.d.). \T1/lmr/m/it/12 (-20) San Fran-cisco De
-part-ment of Elec-tions\T1/lmr/m/n/12 (-20) . https://sfelections.sfgov.org/ma
ps. 
 []


Underfull \vbox (badness 10000) has occurred while \output is active []

[77]
Overfull \hbox (24.05466pt too wide) in paragraph at lines 1850--1852
 \T1/lmr/m/n/12 (-20) https://www.washingtonpost.com/wp-srv/aponline/20001027/a
ponline115918_000.htm. 
 []


Overfull \hbox (39.11949pt too wide) in paragraph at lines 1856--1858
 \T1/lmr/m/n/12 (-20) Ranked-Choice Vot-ing Law. \T1/lmr/m/it/12 (-20) NPR.org\
T1/lmr/m/n/12 (-20) . https://www.npr.org/2018/11/13/667435326/facing-
 []


Overfull \hbox (52.27774pt too wide) in paragraph at lines 1880--1882
 \T1/lmr/m/it/12 (-20) Elec-tions\T1/lmr/m/n/12 (-20) . https://sfelections.org
/results/20180605/data/20180627/20180627_ballotimage.txt. 
 []


Underfull \vbox (badness 10000) has occurred while \output is active []

[78]
Overfull \hbox (61.94405pt too wide) in paragraph at lines 1886--1888
 \T1/lmr/m/it/12 (-20) Elec-tions\T1/lmr/m/n/12 (-20) . https://sfelections.org
/results/20180605/data/20180627/20180627_masterlookup.txt. 
 []


Overfull \hbox (17.68065pt too wide) in paragraph at lines 1889--1891
 \T1/lmr/m/n/12 (-20) https://sfelections.org/results/20180605/data/20180627/ma
yor/20180627_mayor.html. 
 []


Overfull \hbox (283.80424pt too wide) in paragraph at lines 1895--1897
 \T1/lmr/m/n/12 (-20) in up-hold-ing ma-jor-ity rule. \T1/lmr/m/it/12 (-20) Fai
r-Vote\T1/lmr/m/n/12 (-20) . https://www.fairvote.org/ranked_choice_voting_outp
erforms_runoffs_in_upholding_majority_rule. 
 []


Underfull \hbox (badness 1019) in paragraph at lines 1901--1903
 \T1/lmr/m/it/12 (+20) Star Lo-cal\T1/lmr/m/n/12 (+20) . https://starlocalmedia
.com/planostarcourier/news/cost-of-runoff-
 []


Underfull \hbox (badness 10000) in paragraph at lines 1901--1903
 \T1/lmr/m/n/12 (+20) election-affects-more-than-just-candidates/article_bac2a0
f2-ffaa-524c-9b87-
 []


Overfull \hbox (590.59734pt too wide) in paragraph at lines 1910--1912
 [][]\T1/lmr/m/n/12 (-20) SF Mayor's Race: Breed First Round %. (n.d.-a). \T1/l
mr/m/it/12 (-20) Fair-Vote\T1/lmr/m/n/12 (-20) . https://d3n8a8pro7vhmx.cloudfr
ont.net/fairvote/pages/10829/attachments/original/1533072759/BreedFirstChoicesb
yPrecinct.png?1533072759. 
 []


Overfull \hbox (344.2868pt too wide) in paragraph at lines 1913--1915
 \T1/lmr/m/n/12 (-20) https://d3n8a8pro7vhmx.cloudfront.net/fairvote/pages/1082
9/attachments/original/1533067132/BreedandLenoFinalRoundbyPrecinct.png?15330671
32. 
 []


Overfull \hbox (570.37967pt too wide) in paragraph at lines 1916--1918
 [][]\T1/lmr/m/n/12 (-20) SF Mayor's Race: Kim First Round %. (n.d.-c). \T1/lmr
/m/it/12 (-20) Fair-Vote\T1/lmr/m/n/12 (-20) . https://d3n8a8pro7vhmx.cloudfron
t.net/fairvote/pages/10829/attachments/original/1533072757/KimFirstChoicebyPrec
inct.png?1533072757. 
 []


Overfull \hbox (577.09947pt too wide) in paragraph at lines 1919--1921
 [][]\T1/lmr/m/n/12 (-20) SF Mayor's Race: Leno First Round %. (n.d.-d). \T1/lm
r/m/it/12 (-20) Fair-Vote\T1/lmr/m/n/12 (-20) . https://d3n8a8pro7vhmx.cloudfro
nt.net/fairvote/pages/10829/attachments/original/1533072758/LenoFirstChoicebyPr
ecinct.png?1533072758. 
 []


Overfull \hbox (22.67737pt too wide) in paragraph at lines 1922--1924
 \T1/lmr/m/n/12 (-20) lion. \T1/lmr/m/it/12 (-20) al.com\T1/lmr/m/n/12 (-20) . 
https://www.al.com/news/2014/07/runoff_election_tuesday_will_c.html. 
 []


Overfull \hbox (178.85242pt too wide) in paragraph at lines 1928--1930
 [][]\T1/lmr/m/n/12 (-20) Where is Ranked Choice Vot-ing Used? (n.d.). \T1/lmr/
m/it/12 (-20) Fair-Vote\T1/lmr/m/n/12 (-20) . https://www.fairvote.org/where_is
_ranked_choice_voting_used. 
 []


Underfull \vbox (badness 10000) has occurred while \output is active []

[79]
Package atveryend Info: Empty hook `BeforeClearDocument' on input line 1943.
[80]
Package atveryend Info: Empty hook `AfterLastShipout' on input line 1943.
(./thesis.aux)
Package atveryend Info: Executing hook `AtVeryEndDocument' on input line 1943.
Package atveryend Info: Executing hook `AtEndAfterFileList' on input line 1943.

Package rerunfilecheck Info: File `thesis.out' has not changed.
(rerunfilecheck)             Checksum: 6A2462F420ED727FC5990483B40F7D43;2663.
Package atveryend Info: Empty hook `AtVeryVeryEnd' on input line 1943.
 ) 
Here is how much of TeX's memory you used:
 11498 strings out of 492649
 181985 string characters out of 6129622
 303393 words of memory out of 5000000
 14433 multiletter control sequences out of 15000+600000
 93383 words of font info for 182 fonts, out of 8000000 for 9000
 1141 hyphenation exceptions out of 8191
 39i,13n,49p,1981b,464s stack positions out of 5000i,500n,10000p,200000b,80000s
{/usr/local/texlive/2018/texmf-dist/fonts/enc/dvips/lm/lm-ec.enc}{/usr/local/
texlive/2018/texmf-dist/fonts/enc/dvips/lm/lm-rm.enc}{/usr/local/texlive/2018/t
exmf-dist/fonts/enc/dvips/lm/lm-mathit.enc}{/usr/local/texlive/2018/texmf-dist/
fonts/enc/dvips/lm/lm-mathsy.enc}{/usr/local/texlive/2018/texmf-dist/fonts/enc/
dvips/lm/lm-mathex.enc}{/usr/local/texlive/2018/texmf-dist/fonts/enc/dvips/lm/l
m-ts1.enc}</usr/local/texlive/2018/texmf-dist/fonts/type1/public/lm/lmbx12.pfb>
</usr/local/texlive/2018/texmf-dist/fonts/type1/public/lm/lmex10.pfb></usr/loca
l/texlive/2018/texmf-dist/fonts/type1/public/lm/lmmi10.pfb></usr/local/texlive/
2018/texmf-dist/fonts/type1/public/lm/lmmi12.pfb></usr/local/texlive/2018/texmf
-dist/fonts/type1/public/lm/lmmi6.pfb></usr/local/texlive/2018/texmf-dist/fonts
/type1/public/lm/lmmi8.pfb></usr/local/texlive/2018/texmf-dist/fonts/type1/publ
ic/lm/lmr10.pfb></usr/local/texlive/2018/texmf-dist/fonts/type1/public/lm/lmr12
.pfb></usr/local/texlive/2018/texmf-dist/fonts/type1/public/lm/lmr7.pfb></usr/l
ocal/texlive/2018/texmf-dist/fonts/type1/public/lm/lmr8.pfb></usr/local/texlive
/2018/texmf-dist/fonts/type1/public/lm/lmri12.pfb></usr/local/texlive/2018/texm
f-dist/fonts/type1/public/lm/lmri7.pfb></usr/local/texlive/2018/texmf-dist/font
s/type1/public/lm/lmri8.pfb></usr/local/texlive/2018/texmf-dist/fonts/type1/pub
lic/lm/lmro12.pfb></usr/local/texlive/2018/texmf-dist/fonts/type1/public/lm/lms
y10.pfb></usr/local/texlive/2018/texmf-dist/fonts/type1/public/lm/lmsy8.pfb></u
sr/local/texlive/2018/texmf-dist/fonts/type1/public/lm/lmtt10.pfb></usr/local/t
exlive/2018/texmf-dist/fonts/type1/public/lm/lmtt12.pfb>
Output written on thesis.pdf (96 pages, 3906428 bytes).
PDF statistics:
 1515 PDF objects out of 1728 (max. 8388607)
 1314 compressed objects within 14 object streams
 471 named destinations out of 1000 (max. 500000)
 14774 words of extra memory for PDF output out of 17280 (max. 10000000)

