\BOOKMARK [0][-]{chapter.1}{Chapter 1: Delete line 6 if you only have one advisor}{}% 1
\BOOKMARK [0][-]{chapter.2}{Chapter 2: What is ranked choice voting?}{}% 2
\BOOKMARK [1][-]{section.2.1}{Frequently Used Terms}{chapter.2}% 3
\BOOKMARK [1][-]{section.2.2}{Claims about RCV}{chapter.2}% 4
\BOOKMARK [1][-]{section.2.3}{History of RCV in the US \(SF in particular\)}{chapter.2}% 5
\BOOKMARK [1][-]{section.2.4}{Why, or why not, implement RCV?}{chapter.2}% 6
\BOOKMARK [2][-]{subsection.2.4.1}{Pros}{section.2.4}% 7
\BOOKMARK [2][-]{subsection.2.4.2}{Cons}{section.2.4}% 8
\BOOKMARK [1][-]{section.2.5}{Research into SF?}{chapter.2}% 9
\BOOKMARK [0][-]{chapter.3}{Chapter 3: Methods and Structure}{}% 10
\BOOKMARK [1][-]{subsection.3.0.1}{Data Structure and Source}{chapter.3}% 11
\BOOKMARK [0][-]{chapter.4}{Chapter 4: This chunk ensures that the thesisdown package is}{}% 12
\BOOKMARK [1][-]{section.4.1}{Tables}{chapter.4}% 13
\BOOKMARK [1][-]{section.4.2}{Figures}{chapter.4}% 14
\BOOKMARK [1][-]{section.4.3}{Footnotes and Endnotes}{chapter.4}% 15
\BOOKMARK [1][-]{section.4.4}{Bibliographies}{chapter.4}% 16
\BOOKMARK [1][-]{section.4.5}{Anything else?}{chapter.4}% 17
\BOOKMARK [0][-]{chapter*.14}{Conclusion}{}% 18
\BOOKMARK [0][-]{appendix.A}{Appendix A: The First Appendix}{}% 19
\BOOKMARK [0][-]{appendix.B}{Appendix B: The Second Appendix, for Fun}{}% 20
\BOOKMARK [0][-]{appendix*.15}{References}{}% 21
